<?xml version="1.0" encoding="UTF-8"?>
<!-- Generated by org.testng.reporters.JUnitReportReporter -->
<testsuite hostname="phillip-ThinkPad-T440" name="de.otto.roborace.network.client.WebserverConnectorTest" tests="1" failures="0" timestamp="24 Oct 2014 13:00:56 GMT" time="0.018" errors="0">
  <testcase name="createConnectionToServer" time="0.018" classname="de.otto.roborace.network.client.WebserverConnectorTest"/>
</testsuite> <!-- de.otto.roborace.network.client.WebserverConnectorTest -->
