<?xml version="1.0" encoding="UTF-8"?>
<!-- Generated by org.testng.reporters.JUnitReportReporter -->
<testsuite hostname="ariga-ThinkPad-T440" name="de.otto.roborace.network.client.WebserverConnectorTest" tests="1" failures="0" timestamp="21 Nov 2014 09:52:55 GMT" time="0.017" errors="0">
  <testcase name="createConnectionToServer" time="0.017" classname="de.otto.roborace.network.client.WebserverConnectorTest"/>
</testsuite> <!-- de.otto.roborace.network.client.WebserverConnectorTest -->
